<?xml version="1.0" encoding="UTF-8"?>
<!-- Generated by org.testng.reporters.JUnitReportReporter -->
<testsuite skipped="0" hostname="DESKTOP-3OFERGK" name="api.GetUser" tests="2" failures="0" timestamp="2025-02-15T09:50:38 AST" time="3.410" errors="0">
  <testcase name="testRetrieveNonExistentUser" time="2.502" classname="api.GetUser"/>
  <system-out/>
  <testcase name="testRetrieveUser" time="0.908" classname="api.GetUser"/>
  <system-out/>
</testsuite> <!-- api.GetUser -->
