<?xml version="1.0" encoding="UTF-8"?>
<!-- Generated by org.testng.reporters.JUnitReportReporter -->
<testsuite skipped="0" hostname="DESKTOP-3OFERGK" name="testcases.OrderTest" tests="1" failures="0" timestamp="2025-02-15T09:38:11 AST" time="44.491" errors="0">
  <testcase name="testflow" time="44.491" classname="testcases.OrderTest"/>
  <system-out/>
</testsuite> <!-- testcases.OrderTest -->
